[ 2018-03-02T00:48:14+08:00 ] ::1 /schoollife/admin/Public/Jquery/Check.js
INFO: [ app_init ] --START--
INFO: Run Behavior\BuildLiteBehavior [ RunTime:0.000000s ]
INFO: [ app_init ] --END-- [ RunTime:0.001000s ]
ERR: 无法加载模块:Public

[ 2018-03-02T00:48:14+08:00 ] ::1 /schoollife/admin/Public/Font/LigatureSymbols/LigatureSymbols/style.css
INFO: [ app_init ] --START--
INFO: Run Behavior\BuildLiteBehavior [ RunTime:0.000000s ]
INFO: [ app_init ] --END-- [ RunTime:0.000000s ]
ERR: 无法加载模块:Public

[ 2018-03-02T00:48:14+08:00 ] ::1 /schoollife/admin/Public/Font/LigatureSymbols/LigatureSymbols/style.css
INFO: [ app_init ] --START--
INFO: Run Behavior\BuildLiteBehavior [ RunTime:0.000000s ]
INFO: [ app_init ] --END-- [ RunTime:0.000000s ]
ERR: 无法加载模块:Public

[ 2018-03-02T00:48:16+08:00 ] ::1 /schoollife/admin/Public/Jquery/Check.js
INFO: [ app_init ] --START--
INFO: Run Behavior\BuildLiteBehavior [ RunTime:0.000000s ]
INFO: [ app_init ] --END-- [ RunTime:0.001000s ]
ERR: 无法加载模块:Public

[ 2018-03-02T00:48:16+08:00 ] ::1 /schoollife/admin/Public/Font/LigatureSymbols/LigatureSymbols/style.css
INFO: [ app_init ] --START--
INFO: Run Behavior\BuildLiteBehavior [ RunTime:0.000000s ]
INFO: [ app_init ] --END-- [ RunTime:0.001000s ]
ERR: 无法加载模块:Public

[ 2018-03-02T00:48:19+08:00 ] ::1 /schoollife/admin/Public/Font/LigatureSymbols/LigatureSymbols/style.css
INFO: [ app_init ] --START--
INFO: Run Behavior\BuildLiteBehavior [ RunTime:0.000000s ]
INFO: [ app_init ] --END-- [ RunTime:0.000000s ]
ERR: 无法加载模块:Public

[ 2018-03-02T00:48:19+08:00 ] ::1 /schoollife/admin/Public/Jquery/Check.js
INFO: [ app_init ] --START--
INFO: Run Behavior\BuildLiteBehavior [ RunTime:0.000000s ]
INFO: [ app_init ] --END-- [ RunTime:0.000000s ]
ERR: 无法加载模块:Public

[ 2018-03-02T00:48:19+08:00 ] ::1 /schoollife/admin/Public/Font/LigatureSymbols/LigatureSymbols/style.css
INFO: [ app_init ] --START--
INFO: Run Behavior\BuildLiteBehavior [ RunTime:0.000000s ]
INFO: [ app_init ] --END-- [ RunTime:0.000000s ]
ERR: 无法加载模块:Public

[ 2018-03-02T00:48:23+08:00 ] ::1 /schoollife/admin/Public/Font/LigatureSymbols/LigatureSymbols/style.css
INFO: [ app_init ] --START--
INFO: Run Behavior\BuildLiteBehavior [ RunTime:0.000000s ]
INFO: [ app_init ] --END-- [ RunTime:0.000000s ]
ERR: 无法加载模块:Public

[ 2018-03-02T00:48:23+08:00 ] ::1 /schoollife/admin/Public/Jquery/Check.js
INFO: [ app_init ] --START--
INFO: Run Behavior\BuildLiteBehavior [ RunTime:0.000000s ]
INFO: [ app_init ] --END-- [ RunTime:0.000000s ]
ERR: 无法加载模块:Public

[ 2018-03-02T00:48:23+08:00 ] ::1 /schoollife/admin/Public/Font/LigatureSymbols/LigatureSymbols/style.css
INFO: [ app_init ] --START--
INFO: Run Behavior\BuildLiteBehavior [ RunTime:0.000000s ]
INFO: [ app_init ] --END-- [ RunTime:0.000000s ]
ERR: 无法加载模块:Public

[ 2018-03-02T00:48:25+08:00 ] ::1 /schoollife/admin/Public/Font/LigatureSymbols/LigatureSymbols/style.css
INFO: [ app_init ] --START--
INFO: Run Behavior\BuildLiteBehavior [ RunTime:0.000000s ]
INFO: [ app_init ] --END-- [ RunTime:0.000000s ]
ERR: 无法加载模块:Public

[ 2018-03-02T00:48:25+08:00 ] ::1 /schoollife/admin/Public/Jquery/Check.js
INFO: [ app_init ] --START--
INFO: Run Behavior\BuildLiteBehavior [ RunTime:0.000000s ]
INFO: [ app_init ] --END-- [ RunTime:0.000000s ]
ERR: 无法加载模块:Public

[ 2018-03-02T00:48:25+08:00 ] ::1 /schoollife/admin/Public/Font/LigatureSymbols/LigatureSymbols/style.css
INFO: [ app_init ] --START--
INFO: Run Behavior\BuildLiteBehavior [ RunTime:0.000000s ]
INFO: [ app_init ] --END-- [ RunTime:0.000000s ]
ERR: 无法加载模块:Public

[ 2018-03-02T00:48:29+08:00 ] ::1 /schoollife/admin/Public/Font/LigatureSymbols/LigatureSymbols/style.css
INFO: [ app_init ] --START--
INFO: Run Behavior\BuildLiteBehavior [ RunTime:0.000000s ]
INFO: [ app_init ] --END-- [ RunTime:0.000000s ]
ERR: 无法加载模块:Public

[ 2018-03-02T00:48:29+08:00 ] ::1 /schoollife/admin/Public/Jquery/Check.js
INFO: [ app_init ] --START--
INFO: Run Behavior\BuildLiteBehavior [ RunTime:0.000000s ]
INFO: [ app_init ] --END-- [ RunTime:0.002501s ]
ERR: 无法加载模块:Public

[ 2018-03-02T00:48:29+08:00 ] ::1 /schoollife/admin/Public/Font/LigatureSymbols/LigatureSymbols/style.css
INFO: [ app_init ] --START--
INFO: Run Behavior\BuildLiteBehavior [ RunTime:0.000000s ]
INFO: [ app_init ] --END-- [ RunTime:0.000000s ]
ERR: 无法加载模块:Public

[ 2018-03-02T00:48:31+08:00 ] ::1 /schoollife/admin/Public/Font/LigatureSymbols/LigatureSymbols/style.css
INFO: [ app_init ] --START--
INFO: Run Behavior\BuildLiteBehavior [ RunTime:0.000000s ]
INFO: [ app_init ] --END-- [ RunTime:0.000000s ]
ERR: 无法加载模块:Public

[ 2018-03-02T00:48:31+08:00 ] ::1 /schoollife/admin/Public/Jquery/Check.js
INFO: [ app_init ] --START--
INFO: Run Behavior\BuildLiteBehavior [ RunTime:0.000000s ]
INFO: [ app_init ] --END-- [ RunTime:0.002500s ]
ERR: 无法加载模块:Public

[ 2018-03-02T00:48:31+08:00 ] ::1 /schoollife/admin/Public/Font/LigatureSymbols/LigatureSymbols/style.css
INFO: [ app_init ] --START--
INFO: Run Behavior\BuildLiteBehavior [ RunTime:0.000000s ]
INFO: [ app_init ] --END-- [ RunTime:0.000000s ]
ERR: 无法加载模块:Public

[ 2018-03-02T00:48:32+08:00 ] ::1 /schoollife/admin/Public/Font/LigatureSymbols/LigatureSymbols/style.css
INFO: [ app_init ] --START--
INFO: Run Behavior\BuildLiteBehavior [ RunTime:0.000000s ]
INFO: [ app_init ] --END-- [ RunTime:0.000000s ]
ERR: 无法加载模块:Public

[ 2018-03-02T00:48:32+08:00 ] ::1 /schoollife/admin/Public/Jquery/Check.js
INFO: [ app_init ] --START--
INFO: Run Behavior\BuildLiteBehavior [ RunTime:0.000000s ]
INFO: [ app_init ] --END-- [ RunTime:0.000000s ]
ERR: 无法加载模块:Public

[ 2018-03-02T00:48:32+08:00 ] ::1 /schoollife/admin/Public/Font/LigatureSymbols/LigatureSymbols/style.css
INFO: [ app_init ] --START--
INFO: Run Behavior\BuildLiteBehavior [ RunTime:0.000000s ]
INFO: [ app_init ] --END-- [ RunTime:0.002500s ]
ERR: 无法加载模块:Public

[ 2018-03-02T00:48:33+08:00 ] ::1 /schoollife/admin/Public/Font/LigatureSymbols/LigatureSymbols/style.css
INFO: [ app_init ] --START--
INFO: Run Behavior\BuildLiteBehavior [ RunTime:0.000000s ]
INFO: [ app_init ] --END-- [ RunTime:0.000000s ]
ERR: 无法加载模块:Public

[ 2018-03-02T00:48:33+08:00 ] ::1 /schoollife/admin/Public/Jquery/Check.js
INFO: [ app_init ] --START--
INFO: Run Behavior\BuildLiteBehavior [ RunTime:0.000000s ]
INFO: [ app_init ] --END-- [ RunTime:0.002500s ]
ERR: 无法加载模块:Public

[ 2018-03-02T00:48:33+08:00 ] ::1 /schoollife/admin/Public/Font/LigatureSymbols/LigatureSymbols/style.css
INFO: [ app_init ] --START--
INFO: Run Behavior\BuildLiteBehavior [ RunTime:0.000000s ]
INFO: [ app_init ] --END-- [ RunTime:0.000000s ]
ERR: 无法加载模块:Public

[ 2018-03-02T00:48:50+08:00 ] ::1 /schoollife/admin/Public/Jquery/Check.js
INFO: [ app_init ] --START--
INFO: Run Behavior\BuildLiteBehavior [ RunTime:0.000000s ]
INFO: [ app_init ] --END-- [ RunTime:0.000000s ]
ERR: 无法加载模块:Public

[ 2018-03-02T00:48:50+08:00 ] ::1 /schoollife/admin/Public/Font/LigatureSymbols/LigatureSymbols/style.css
INFO: [ app_init ] --START--
INFO: Run Behavior\BuildLiteBehavior [ RunTime:0.000000s ]
INFO: [ app_init ] --END-- [ RunTime:0.001000s ]
ERR: 无法加载模块:Public

[ 2018-03-02T00:48:54+08:00 ] ::1 /schoollife/admin/Public/Jquery/Check.js
INFO: [ app_init ] --START--
INFO: Run Behavior\BuildLiteBehavior [ RunTime:0.000000s ]
INFO: [ app_init ] --END-- [ RunTime:0.000000s ]
ERR: 无法加载模块:Public

[ 2018-03-02T00:48:54+08:00 ] ::1 /schoollife/admin/Public/Font/LigatureSymbols/LigatureSymbols/style.css
INFO: [ app_init ] --START--
INFO: Run Behavior\BuildLiteBehavior [ RunTime:0.000000s ]
INFO: [ app_init ] --END-- [ RunTime:0.000000s ]
ERR: 无法加载模块:Public

[ 2018-03-02T00:49:10+08:00 ] ::1 /schoollife/admin/Public/Jquery/Check.js
INFO: [ app_init ] --START--
INFO: Run Behavior\BuildLiteBehavior [ RunTime:0.000000s ]
INFO: [ app_init ] --END-- [ RunTime:0.000000s ]
ERR: 无法加载模块:Public

[ 2018-03-02T00:49:10+08:00 ] ::1 /schoollife/admin/Public/Font/LigatureSymbols/LigatureSymbols/style.css
INFO: [ app_init ] --START--
INFO: Run Behavior\BuildLiteBehavior [ RunTime:0.000000s ]
INFO: [ app_init ] --END-- [ RunTime:0.000000s ]
ERR: 无法加载模块:Public

[ 2018-03-02T00:50:43+08:00 ] ::1 /schoollife/admin/Public/Font/LigatureSymbols/LigatureSymbols/style.css
INFO: [ app_init ] --START--
INFO: Run Behavior\BuildLiteBehavior [ RunTime:0.000000s ]
INFO: [ app_init ] --END-- [ RunTime:0.000000s ]
ERR: 无法加载模块:Public

[ 2018-03-02T00:50:43+08:00 ] ::1 /schoollife/admin/Public/Jquery/Check.js
INFO: [ app_init ] --START--
INFO: Run Behavior\BuildLiteBehavior [ RunTime:0.000000s ]
INFO: [ app_init ] --END-- [ RunTime:0.004000s ]
ERR: 无法加载模块:Public

[ 2018-03-02T00:50:43+08:00 ] ::1 /schoollife/admin/Public/Font/LigatureSymbols/LigatureSymbols/style.css
INFO: [ app_init ] --START--
INFO: Run Behavior\BuildLiteBehavior [ RunTime:0.000000s ]
INFO: [ app_init ] --END-- [ RunTime:0.000000s ]
ERR: 无法加载模块:Public

