[ 2018-02-27T22:44:35+08:00 ] ::1 /schoollife-master/admin/Public/Font/LigatureSymbols/LigatureSymbols/style.css
INFO: [ app_init ] --START--
INFO: Run Behavior\BuildLiteBehavior [ RunTime:0.000000s ]
INFO: [ app_init ] --END-- [ RunTime:0.002000s ]
ERR: 无法加载模块:Public

[ 2018-02-27T22:44:35+08:00 ] ::1 /schoollife-master/admin/Public/Jquery/Check.js
INFO: [ app_init ] --START--
INFO: Run Behavior\BuildLiteBehavior [ RunTime:0.000000s ]
INFO: [ app_init ] --END-- [ RunTime:0.001000s ]
ERR: 无法加载模块:Public

[ 2018-02-27T22:44:35+08:00 ] ::1 /schoollife-master/admin/Public/Font/LigatureSymbols/LigatureSymbols/style.css
INFO: [ app_init ] --START--
INFO: Run Behavior\BuildLiteBehavior [ RunTime:0.000000s ]
INFO: [ app_init ] --END-- [ RunTime:0.000000s ]
ERR: 无法加载模块:Public

[ 2018-02-27T22:45:32+08:00 ] ::1 /schoollife-master/admin/Public/Jquery/Check.js
INFO: [ app_init ] --START--
INFO: Run Behavior\BuildLiteBehavior [ RunTime:0.000000s ]
INFO: [ app_init ] --END-- [ RunTime:0.000000s ]
ERR: 无法加载模块:Public

[ 2018-02-27T22:45:32+08:00 ] ::1 /schoollife-master/admin/Public/Font/LigatureSymbols/LigatureSymbols/style.css
INFO: [ app_init ] --START--
INFO: Run Behavior\BuildLiteBehavior [ RunTime:0.000000s ]
INFO: [ app_init ] --END-- [ RunTime:0.000000s ]
ERR: 无法加载模块:Public

[ 2018-02-27T22:45:46+08:00 ] ::1 /schoollife-master/admin/Public/Jquery/Check.js
INFO: [ app_init ] --START--
INFO: Run Behavior\BuildLiteBehavior [ RunTime:0.000000s ]
INFO: [ app_init ] --END-- [ RunTime:0.000000s ]
ERR: 无法加载模块:Public

[ 2018-02-27T22:45:46+08:00 ] ::1 /schoollife-master/admin/Public/Font/LigatureSymbols/LigatureSymbols/style.css
INFO: [ app_init ] --START--
INFO: Run Behavior\BuildLiteBehavior [ RunTime:0.000000s ]
INFO: [ app_init ] --END-- [ RunTime:0.001000s ]
ERR: 无法加载模块:Public

[ 2018-02-27T22:45:48+08:00 ] ::1 /schoollife-master/admin/Public/Jquery/Check.js
INFO: [ app_init ] --START--
INFO: Run Behavior\BuildLiteBehavior [ RunTime:0.000000s ]
INFO: [ app_init ] --END-- [ RunTime:0.000000s ]
ERR: 无法加载模块:Public

[ 2018-02-27T22:45:48+08:00 ] ::1 /schoollife-master/admin/Public/Font/LigatureSymbols/LigatureSymbols/style.css
INFO: [ app_init ] --START--
INFO: Run Behavior\BuildLiteBehavior [ RunTime:0.000000s ]
INFO: [ app_init ] --END-- [ RunTime:0.000000s ]
ERR: 无法加载模块:Public

[ 2018-02-27T22:45:51+08:00 ] ::1 /schoollife-master/admin/Public/Jquery/Check.js
INFO: [ app_init ] --START--
INFO: Run Behavior\BuildLiteBehavior [ RunTime:0.000000s ]
INFO: [ app_init ] --END-- [ RunTime:0.001000s ]
ERR: 无法加载模块:Public

[ 2018-02-27T22:45:51+08:00 ] ::1 /schoollife-master/admin/Public/Font/LigatureSymbols/LigatureSymbols/style.css
INFO: [ app_init ] --START--
INFO: Run Behavior\BuildLiteBehavior [ RunTime:0.000000s ]
INFO: [ app_init ] --END-- [ RunTime:0.001000s ]
ERR: 无法加载模块:Public

[ 2018-02-27T22:45:58+08:00 ] ::1 /schoollife-master/admin/Public/Font/LigatureSymbols/LigatureSymbols/style.css
INFO: [ app_init ] --START--
INFO: Run Behavior\BuildLiteBehavior [ RunTime:0.000000s ]
INFO: [ app_init ] --END-- [ RunTime:0.001000s ]
ERR: 无法加载模块:Public

[ 2018-02-27T22:45:58+08:00 ] ::1 /schoollife-master/admin/Public/Jquery/Check.js
INFO: [ app_init ] --START--
INFO: Run Behavior\BuildLiteBehavior [ RunTime:0.000000s ]
INFO: [ app_init ] --END-- [ RunTime:0.001000s ]
ERR: 无法加载模块:Public

[ 2018-02-27T22:45:58+08:00 ] ::1 /schoollife-master/admin/Public/Font/LigatureSymbols/LigatureSymbols/style.css
INFO: [ app_init ] --START--
INFO: Run Behavior\BuildLiteBehavior [ RunTime:0.000000s ]
INFO: [ app_init ] --END-- [ RunTime:0.001000s ]
ERR: 无法加载模块:Public

[ 2018-02-27T22:46:07+08:00 ] ::1 /schoollife-master/admin/Public/Jquery/Check.js
INFO: [ app_init ] --START--
INFO: Run Behavior\BuildLiteBehavior [ RunTime:0.000000s ]
INFO: [ app_init ] --END-- [ RunTime:0.001000s ]
ERR: 无法加载模块:Public

